c:\dx_project\dxengine\dxengine04_vertexcolor\x64\debug\vc142.pdb
c:\dx_project\dxengine\dxengine04_vertexcolor\x64\debug\vc142.idb
c:\dx_project\dxengine\dxengine04_vertexcolor\x64\debug\vertexshader.obj
c:\dx_project\dxengine\dxengine04_vertexcolor\x64\debug\shader.obj
c:\dx_project\dxengine\dxengine04_vertexcolor\x64\debug\pixelshader.obj
c:\dx_project\dxengine\dxengine04_vertexcolor\x64\debug\mesh.obj
c:\dx_project\dxengine\dxengine04_vertexcolor\x64\debug\mainapp.obj
c:\dx_project\dxengine\dxengine04_vertexcolor\x64\debug\engine.obj
c:\dx_project\dxengine\dxengine04_vertexcolor\x64\debug\dxutil.obj
c:\dx_project\dxengine\dxengine04_vertexcolor\x64\debug\dxapp.obj
c:\dx_project\dxengine\dxengine04_vertexcolor\x64\debug\appwindow.obj
c:\dx_project\dxengine\x64\debug\ps.cso
c:\dx_project\dxengine\x64\debug\vs.cso
c:\dx_project\dxengine\x64\debug\dxengine04_vertexcolor.exe
c:\dx_project\dxengine\x64\debug\dxengine04_vertexcolor.ilk
c:\dx_project\dxengine\x64\debug\dxengine04_vertexcolor.pdb
c:\dx_project\dxengine\dxengine04_vertexcolor\x64\debug\dxengine.edff6315.tlog\cl.command.1.tlog
c:\dx_project\dxengine\dxengine04_vertexcolor\x64\debug\dxengine.edff6315.tlog\cl.read.1.tlog
c:\dx_project\dxengine\dxengine04_vertexcolor\x64\debug\dxengine.edff6315.tlog\cl.write.1.tlog
c:\dx_project\dxengine\dxengine04_vertexcolor\x64\debug\dxengine.edff6315.tlog\fxc.command.1.tlog
c:\dx_project\dxengine\dxengine04_vertexcolor\x64\debug\dxengine.edff6315.tlog\fxc.read.1.tlog
c:\dx_project\dxengine\dxengine04_vertexcolor\x64\debug\dxengine.edff6315.tlog\fxc.write.1.tlog
c:\dx_project\dxengine\dxengine04_vertexcolor\x64\debug\dxengine.edff6315.tlog\link.command.1.tlog
c:\dx_project\dxengine\dxengine04_vertexcolor\x64\debug\dxengine.edff6315.tlog\link.read.1.tlog
c:\dx_project\dxengine\dxengine04_vertexcolor\x64\debug\dxengine.edff6315.tlog\link.write.1.tlog
