c:\dx_project\dxengine\exengine05_indexbuffer\x64\debug\vc142.pdb
c:\dx_project\dxengine\exengine05_indexbuffer\x64\debug\vc142.idb
c:\dx_project\dxengine\exengine05_indexbuffer\x64\debug\vertexshader.obj
c:\dx_project\dxengine\exengine05_indexbuffer\x64\debug\shader.obj
c:\dx_project\dxengine\exengine05_indexbuffer\x64\debug\pixelshader.obj
c:\dx_project\dxengine\exengine05_indexbuffer\x64\debug\mesh.obj
c:\dx_project\dxengine\exengine05_indexbuffer\x64\debug\mainapp.obj
c:\dx_project\dxengine\exengine05_indexbuffer\x64\debug\engine.obj
c:\dx_project\dxengine\exengine05_indexbuffer\x64\debug\dxutil.obj
c:\dx_project\dxengine\exengine05_indexbuffer\x64\debug\appwindow.obj
c:\dx_project\dxengine\exengine05_indexbuffer\x64\debug\dxapp.obj
c:\dx_project\dxengine\x64\debug\ps.cso
c:\dx_project\dxengine\x64\debug\vs.cso
c:\dx_project\dxengine\x64\debug\exengine05_indexbuffer.exe
c:\dx_project\dxengine\x64\debug\exengine05_indexbuffer.ilk
c:\dx_project\dxengine\x64\debug\exengine05_indexbuffer.pdb
c:\dx_project\dxengine\exengine05_indexbuffer\x64\debug\dxapp.obj.enc
c:\dx_project\dxengine\exengine05_indexbuffer\x64\debug\engine.obj.enc
c:\dx_project\dxengine\exengine05_indexbuffer\x64\debug\exengine.a32c133f.tlog\cl.command.1.tlog
c:\dx_project\dxengine\exengine05_indexbuffer\x64\debug\exengine.a32c133f.tlog\cl.read.1.tlog
c:\dx_project\dxengine\exengine05_indexbuffer\x64\debug\exengine.a32c133f.tlog\cl.write.1.tlog
c:\dx_project\dxengine\exengine05_indexbuffer\x64\debug\exengine.a32c133f.tlog\fxc.command.1.tlog
c:\dx_project\dxengine\exengine05_indexbuffer\x64\debug\exengine.a32c133f.tlog\fxc.read.1.tlog
c:\dx_project\dxengine\exengine05_indexbuffer\x64\debug\exengine.a32c133f.tlog\fxc.write.1.tlog
c:\dx_project\dxengine\exengine05_indexbuffer\x64\debug\exengine.a32c133f.tlog\link.command.1.tlog
c:\dx_project\dxengine\exengine05_indexbuffer\x64\debug\exengine.a32c133f.tlog\link.read.1.tlog
c:\dx_project\dxengine\exengine05_indexbuffer\x64\debug\exengine.a32c133f.tlog\link.write.1.tlog
